#
# A fatal error has been detected by the Java Runtime Environment:
#
#  SIGSEGV (0xb) at pc=0x000000010dc0fe56, pid=95809, tid=0x0000000000003003
#
# JRE version: Java(TM) SE Runtime Environment (8.0_212-b10) (build 1.8.0_212-b10)
# Java VM: Java HotSpot(TM) 64-Bit Server VM (25.212-b10 mixed mode bsd-amd64 compressed oops)
# Problematic frame:
# V  [libjvm.dylib+0x505e56]
#
# Failed to write core dump. Core dumps have been disabled. To enable core dumping, try "ulimit -c unlimited" before starting Java again
#
# If you would like to submit a bug report, please visit:
#   http://bugreport.java.com/bugreport/crash.jsp
#

---------------  T H R E A D  ---------------

Current thread (0x00007f9668821000):  VMThread [stack: 0x000070000496c000,0x0000700004a6c000] [id=12291]

siginfo: si_signo: 11 (SIGSEGV), si_code: 1 (SEGV_MAPERR), si_addr: 0x0000000000000008

Registers:
RAX=0x0000000000000000, RBX=0x0000700004a6b168, RCX=0x0000000000000000, RDX=0x0000000000000000
RSP=0x0000700004a6b000, RBP=0x0000700004a6b110, RSI=0x0000000000000028, RDI=0x0000700004a6b168
R8 =0x0000000000000019, R9 =0x000000008a000000, R10=0x0000000000000032, R11=0x0000000000fc9400
R12=0x0000700004a6b168, R13=0x0000000110543650, R14=0x0000000000000000, R15=0x0000700004a6b798
RIP=0x000000010dc0fe56, EFLAGS=0x0000000000010206, ERR=0x0000000000000004
  TRAPNO=0x000000000000000e

Top of Stack: (sp=0x0000700004a6b000)
0x0000700004a6b000:   0000700004a6b030 000000010dc0fc1b
0x0000700004a6b010:   0000700004150a70 0000700004a6b088
0x0000700004a6b020:   0000700004a6b050 000000010dc0fc64
0x0000700004a6b030:   0000700004a6b070 0000700004a6b088
0x0000700004a6b040:   0000000000000000 0000700004a6b088
0x0000700004a6b050:   000070004600020c 000000014fffffff
0x0000700004a6b060:   0000000000000000 0000700004a6b0b4
0x0000700004a6b070:   0000700004a6b4f0 000000010d993a7b
0x0000700004a6b080:   000000076adc7590 000000010df361c0
0x0000700004a6b090:   00007f9666950580 0000000000000014
0x0000700004a6b0a0:   000000070000000e 0000700004a6b0b8
0x0000700004a6b0b0:   0000000700000002 4fffffff4fffffff
0x0000700004a6b0c0:   000000076ac07980 000000076ac07150
0x0000700004a6b0d0:   000000076abffa38 000000076abff2e8
0x0000700004a6b0e0:   0000700004a6b110 000000010dc0fc64
0x0000700004a6b0f0:   000000076abf8560 0000700004a6b168
0x0000700004a6b100:   0000700004a6b168 0000700004a6b168
0x0000700004a6b110:   0000700004a6b150 000000010dc0ff56
0x0000700004a6b120:   0000000000000000 0000000000000019
0x0000700004a6b130:   0000700004a6b168 0000000110543650
0x0000700004a6b140:   0000000000000000 0000700004a6b798
0x0000700004a6b150:   0000700004a6b5d0 000000010d993985
0x0000700004a6b160:   0000700004a6b190 000000010df361c0
0x0000700004a6b170:   0000000000000000 0000000000000000
0x0000700004a6b180:   000070000000000c 0000700004a6b5a0
0x0000700004a6b190:   0000700000000000 4fffffff4fffffff
0x0000700004a6b1a0:   0000000000000000 0000700004a6b1e8
0x0000700004a6b1b0:   000070004600020c 000000014fffffff
0x0000700004a6b1c0:   0000700004a6b1f0 000000010dc0fcdb
0x0000700004a6b1d0:   0000700004a6b650 0000700004a6b248
0x0000700004a6b1e0:   0000700004a6b248 00007f96669552d0
0x0000700004a6b1f0:   0000700004a6b230 000000010dc1003c 

Instructions: (pc=0x000000010dc0fe56)
0x000000010dc0fe36:   df 48 83 c4 08 5b 5d e9 7c ff ff ff 55 48 89 e5
0x000000010dc0fe46:   53 48 81 ec 08 01 00 00 48 63 47 10 48 8b 4f 08
0x000000010dc0fe56:   40 38 74 01 08 48 89 fb 74 39 40 0f be d6 48 8d
0x000000010dc0fe66:   bd f0 fe ff ff 48 8d 35 b7 7d 11 00 30 c0 e8 5f 

Register to memory mapping:

RAX=0x0000000000000000 is an unknown value
RBX=0x0000700004a6b168 is an unknown value
RCX=0x0000000000000000 is an unknown value
RDX=0x0000000000000000 is an unknown value
RSP=0x0000700004a6b000 is an unknown value
RBP=0x0000700004a6b110 is an unknown value
RSI=0x0000000000000028 is an unknown value
RDI=0x0000700004a6b168 is an unknown value
R8 =0x0000000000000019 is an unknown value
R9 =0x000000008a000000 is an unknown value
R10=0x0000000000000032 is an unknown value
R11=0x0000000000fc9400 is an unknown value
R12=0x0000700004a6b168 is an unknown value
R13={method} {0x0000000110543650} 'main' '([Ljava/lang/String;)V' in 'com/company/Java/ReflectionDemo/ReflectionDemo'
R14=0x0000000000000000 is an unknown value
R15=0x0000700004a6b798 is an unknown value


Stack: [0x000070000496c000,0x0000700004a6c000],  sp=0x0000700004a6b000,  free space=1020k
Native frames: (J=compiled Java code, j=interpreted, Vv=VM code, C=native code)
V  [libjvm.dylib+0x505e56]
V  [libjvm.dylib+0x505f56]
V  [libjvm.dylib+0x289985]
V  [libjvm.dylib+0x28b608]
V  [libjvm.dylib+0x28b857]
V  [libjvm.dylib+0x28bdee]
V  [libjvm.dylib+0x28c207]
V  [libjvm.dylib+0x4861f5]
V  [libjvm.dylib+0x4863fe]
V  [libjvm.dylib+0x4865df]
V  [libjvm.dylib+0x486896]
V  [libjvm.dylib+0x2c3b34]
V  [libjvm.dylib+0x453f21]
V  [libjvm.dylib+0x39c033]
V  [libjvm.dylib+0x5be615]
V  [libjvm.dylib+0x5bcbad]
V  [libjvm.dylib+0x5bcffa]
V  [libjvm.dylib+0x5bc919]
V  [libjvm.dylib+0x48f30a]
C  [libsystem_pthread.dylib+0x6950]  _pthread_start+0xe0
C  [libsystem_pthread.dylib+0x247b]  thread_start+0xf

VM_Operation (0x0000700004f7d9f8): GetOrSetLocal, mode: safepoint, requested by thread 0x00007f9668835000


---------------  P R O C E S S  ---------------

Java Threads: ( => current thread )
  0x00007f9667833000 JavaThread "Service Thread" daemon [_thread_blocked, id=42755, stack(0x0000700005593000,0x0000700005693000)]
  0x00007f9669015000 JavaThread "C1 CompilerThread3" daemon [_thread_blocked, id=43267, stack(0x0000700005490000,0x0000700005590000)]
  0x00007f966702c000 JavaThread "C2 CompilerThread2" daemon [_thread_blocked, id=22275, stack(0x000070000538d000,0x000070000548d000)]
  0x00007f966702b800 JavaThread "C2 CompilerThread1" daemon [_thread_blocked, id=21763, stack(0x000070000528a000,0x000070000538a000)]
  0x00007f966702a800 JavaThread "C2 CompilerThread0" daemon [_thread_blocked, id=16643, stack(0x0000700005187000,0x0000700005287000)]
  0x00007f966701d800 JavaThread "JDWP Command Reader" daemon [_thread_in_native, id=17155, stack(0x0000700005084000,0x0000700005184000)]
  0x00007f9668834000 JavaThread "JDWP Event Helper Thread" daemon [_thread_blocked, id=17411, stack(0x0000700004f81000,0x0000700005081000)]
  0x00007f9668835000 JavaThread "JDWP Transport Listener: dt_socket" daemon [_thread_blocked, id=17671, stack(0x0000700004e7e000,0x0000700004f7e000)]
  0x00007f966900f000 JavaThread "Signal Dispatcher" daemon [_thread_blocked, id=18179, stack(0x0000700004d7b000,0x0000700004e7b000)]
  0x00007f9667017800 JavaThread "Finalizer" daemon [_thread_blocked, id=20483, stack(0x0000700004b72000,0x0000700004c72000)]
  0x00007f9668821800 JavaThread "Reference Handler" daemon [_thread_blocked, id=12803, stack(0x0000700004a6f000,0x0000700004b6f000)]
  0x00007f9668808800 JavaThread "main" [_thread_blocked, id=4099, stack(0x0000700004051000,0x0000700004151000)]

Other Threads:
=>0x00007f9668821000 VMThread [stack: 0x000070000496c000,0x0000700004a6c000] [id=12291]
  0x00007f966702d000 WatcherThread [stack: 0x0000700005696000,0x0000700005796000] [id=42499]

VM state:at safepoint (normal execution)

VM Mutex/Monitor currently owned by a thread:  ([mutex/lock_event])
[0x00007f9666b05470] Threads_lock - owner thread: 0x00007f9668821000

heap address: 0x00000006c0000000, size: 4096 MB, Compressed Oops mode: Zero based, Oop shift amount: 3
Narrow klass base: 0x0000000000000000, Narrow klass shift: 3
Compressed class space size: 1073741824 Address: 0x00000007c0000000

Heap:
 PSYoungGen      total 76288K, used 5249K [0x000000076ab00000, 0x0000000770000000, 0x00000007c0000000)
  eden space 65536K, 8% used [0x000000076ab00000,0x000000076b0207d0,0x000000076eb00000)
  from space 10752K, 0% used [0x000000076f580000,0x000000076f580000,0x0000000770000000)
  to   space 10752K, 0% used [0x000000076eb00000,0x000000076eb00000,0x000000076f580000)
 ParOldGen       total 175104K, used 0K [0x00000006c0000000, 0x00000006cab00000, 0x000000076ab00000)
  object space 175104K, 0% used [0x00000006c0000000,0x00000006c0000000,0x00000006cab00000)
 Metaspace       used 3011K, capacity 4652K, committed 4864K, reserved 1056768K
  class space    used 319K, capacity 424K, committed 512K, reserved 1048576K

Card table byte_map: [0x000000010eb8c000,0x000000010f38d000] byte_map_base: 0x000000010b58c000

Marking Bits: (ParMarkBitMap*) 0x000000010e005e40
 Begin Bits: [0x0000000124000000, 0x0000000128000000)
 End Bits:   [0x0000000128000000, 0x000000012c000000)

Polling page: 0x000000010e707000

CodeCache: size=245760Kb used=1168Kb max_used=1168Kb free=244591Kb
 bounds [0x0000000115000000, 0x0000000115270000, 0x0000000124000000]
 total_blobs=280 nmethods=46 adapters=156
 compilation: enabled

Compilation events (10 events):
Event: 0.447 Thread 0x00007f9669015000   42       1       java.net.URL::getPath (5 bytes)
Event: 0.447 Thread 0x00007f9669015000 nmethod 42 0x0000000115121450 code [0x00000001151215a0, 0x00000001151216b0]
Event: 8.993 Thread 0x00007f9669015000   43       3       java.lang.String::getChars (62 bytes)
Event: 8.994 Thread 0x00007f9669015000 nmethod 43 0x0000000115121710 code [0x00000001151218e0, 0x0000000115121d78]
Event: 3746.284 Thread 0x00007f9669015000   44       3       java.lang.AbstractStringBuilder::append (50 bytes)
Event: 3746.286 Thread 0x00007f9669015000 nmethod 44 0x0000000115122050 code [0x0000000115122220, 0x0000000115122978]
Event: 5644.560 Thread 0x00007f9669015000   46       3       java.util.Arrays::copyOfRange (63 bytes)
Event: 5644.565 Thread 0x00007f9669015000 nmethod 46 0x0000000115122c90 code [0x0000000115122ec0, 0x0000000115123a18]
Event: 5644.565 Thread 0x00007f9669015000   45       3       java.util.Arrays::copyOf (19 bytes)
Event: 5644.565 Thread 0x00007f9669015000 nmethod 45 0x0000000115123fd0 code [0x0000000115124160, 0x0000000115124488]

GC Heap History (0 events):
No events

Deoptimization events (0 events):
No events

Classes redefined (4 events):
Event: 5644.217 Thread 0x00007f9668821000 redefined class name=com.company.Java.ReflectionDemo.PersonParentDemo, count=1
Event: 5644.218 Thread 0x00007f9668821000 redefined class name=com.company.Java.ReflectionDemo.PersonDemo, count=2
Event: 5644.218 Thread 0x00007f9668821000 redefined class name=com.company.Java.ReflectionDemo.ReflectionDemo, count=1
Event: 93542.890 Thread 0x00007f9668821000 redefined class name=com.company.Java.ReflectionDemo.ReflectionDemo, count=2

Internal exceptions (2 events):
Event: 0.032 Thread 0x00007f9668808800 Exception <a 'java/lang/NoSuchMethodError': Method sun.misc.Unsafe.defineClass(Ljava/lang/String;[BII)Ljava/lang/Class; name or signature does not match> (0x000000076ab07cb0) thrown at [/Users/java_re/workspace/8-2-build-macosx-x86_64/jdk8u212/12974/hotsp
Event: 0.032 Thread 0x00007f9668808800 Exception <a 'java/lang/NoSuchMethodError': Method sun.misc.Unsafe.prefetchRead(Ljava/lang/Object;J)V name or signature does not match> (0x000000076ab07f98) thrown at [/Users/java_re/workspace/8-2-build-macosx-x86_64/jdk8u212/12974/hotspot/src/share/vm/pr

Events (10 events):
Event: 93543.837 Executing VM operation: ChangeBreakpoints done
Event: 93543.838 Executing VM operation: ChangeBreakpoints
Event: 93543.838 Executing VM operation: ChangeBreakpoints done
Event: 93543.839 Executing VM operation: ChangeBreakpoints
Event: 93543.839 Executing VM operation: ChangeBreakpoints done
Event: 93543.839 Executing VM operation: ChangeBreakpoints
Event: 93543.839 Executing VM operation: ChangeBreakpoints done
Event: 93543.840 Executing VM operation: ChangeBreakpoints
Event: 93543.840 Executing VM operation: ChangeBreakpoints done
Event: 93544.425 Executing VM operation: GetOrSetLocal


Dynamic libraries:
0x00007fff34f8a000 	/System/Library/Frameworks/Cocoa.framework/Versions/A/Cocoa
0x00007fff221c7000 	/System/Library/Frameworks/Security.framework/Versions/A/Security
0x00007fff33189000 	/System/Library/Frameworks/ApplicationServices.framework/Versions/A/ApplicationServices
0x00007fff2a44c000 	/usr/lib/libz.1.dylib
0x00007fff2a514000 	/usr/lib/libSystem.B.dylib
0x00007fff201af000 	/usr/lib/libobjc.A.dylib
0x00007fff2038f000 	/System/Library/Frameworks/CoreFoundation.framework/Versions/A/CoreFoundation
0x00007fff2113c000 	/System/Library/Frameworks/Foundation.framework/Versions/C/Foundation
0x00007fff22bed000 	/System/Library/Frameworks/AppKit.framework/Versions/C/AppKit
0x00007fff25a83000 	/System/Library/Frameworks/CoreData.framework/Versions/A/CoreData
0x00007fff23950000 	/System/Library/PrivateFrameworks/UIFoundation.framework/Versions/A/UIFoundation
0x00007fff2fb6d000 	/System/Library/PrivateFrameworks/RemoteViewServices.framework/Versions/A/RemoteViewServices
0x00007fff28976000 	/System/Library/PrivateFrameworks/XCTTargetBootstrap.framework/Versions/A/XCTTargetBootstrap
0x00007fff2b653000 	/usr/lib/libspindump.dylib
0x00007fff23ba4000 	/System/Library/Frameworks/UniformTypeIdentifiers.framework/Versions/A/UniformTypeIdentifiers
0x00007fff2714d000 	/usr/lib/libapp_launch_measurement.dylib
0x00007fff27150000 	/System/Library/PrivateFrameworks/CoreAutoLayout.framework/Versions/A/CoreAutoLayout
0x00007fff282d8000 	/System/Library/Frameworks/Metal.framework/Versions/A/Metal
0x00007fff28fc7000 	/usr/lib/liblangid.dylib
0x00007fff2897a000 	/System/Library/PrivateFrameworks/CoreSVG.framework/Versions/A/CoreSVG
0x00007fff24b8b000 	/System/Library/PrivateFrameworks/SkyLight.framework/Versions/A/SkyLight
0x00007fff24ef1000 	/System/Library/Frameworks/CoreGraphics.framework/Versions/A/CoreGraphics
0x00007fff301c4000 	/System/Library/Frameworks/Accelerate.framework/Versions/A/Accelerate
0x00007fff2b08e000 	/System/Library/PrivateFrameworks/IconServices.framework/Versions/A/IconServices
0x00007fff282bd000 	/System/Library/Frameworks/IOSurface.framework/Versions/A/IOSurface
0x00007fff2640c000 	/usr/lib/libDiagnosticMessagesClient.dylib
0x00007fff28962000 	/System/Library/PrivateFrameworks/DFRFoundation.framework/Versions/A/DFRFoundation
0x00007fff22519000 	/usr/lib/libicucore.A.dylib
0x00007fff2cb95000 	/System/Library/Frameworks/AudioToolbox.framework/Versions/A/AudioToolbox
0x00007fff2be3b000 	/System/Library/PrivateFrameworks/DataDetectorsCore.framework/Versions/A/DataDetectorsCore
0x00007fff28662000 	/System/Library/Frameworks/Carbon.framework/Versions/A/Frameworks/HIToolbox.framework/Versions/A/HIToolbox
0x00007fff26ba5000 	/System/Library/Frameworks/QuartzCore.framework/Versions/A/QuartzCore
0x00007fff2fba9000 	/System/Library/Frameworks/Carbon.framework/Versions/A/Frameworks/SpeechRecognition.framework/Versions/A/SpeechRecognition
0x00007fff26eb5000 	/System/Library/PrivateFrameworks/CoreUI.framework/Versions/A/CoreUI
0x00007fff21b23000 	/System/Library/Frameworks/CoreAudio.framework/Versions/A/CoreAudio
0x00007fff264f7000 	/System/Library/Frameworks/DiskArbitration.framework/Versions/A/DiskArbitration
0x00007fff2ba4e000 	/System/Library/PrivateFrameworks/MultitouchSupport.framework/Versions/A/MultitouchSupport
0x00007fff2be32000 	/System/Library/PrivateFrameworks/InternationalSupport.framework/Versions/A/InternationalSupport
0x00007fff24aff000 	/usr/lib/libenergytrace.dylib
0x00007fff22ae7000 	/System/Library/Frameworks/IOKit.framework/Versions/A/IOKit
0x00007fff2fef6000 	/System/Library/Frameworks/CoreServices.framework/Versions/A/CoreServices
0x00007fff270e3000 	/System/Library/PrivateFrameworks/PerformanceAnalysis.framework/Versions/A/PerformanceAnalysis
0x00007fff6c7f3000 	/System/Library/Frameworks/OpenGL.framework/Versions/A/OpenGL
0x00007fff2beb7000 	/System/Library/PrivateFrameworks/UserActivity.framework/Versions/A/UserActivity
0x00007fff25585000 	/System/Library/Frameworks/ColorSync.framework/Versions/A/ColorSync
0x00007fff28bde000 	/System/Library/Frameworks/CoreImage.framework/Versions/A/CoreImage
0x00007fff2193a000 	/System/Library/Frameworks/CoreText.framework/Versions/A/CoreText
0x00007fff289a4000 	/System/Library/Frameworks/ImageIO.framework/Versions/A/ImageIO
0x00007fff2a51a000 	/System/Library/PrivateFrameworks/SoftLinking.framework/Versions/A/SoftLinking
0x00007fff27199000 	/usr/lib/libxml2.2.dylib
0x00007fff20274000 	/usr/lib/libc++.1.dylib
0x00007fff2a78c000 	/usr/lib/libcompression.dylib
0x00007fff24b00000 	/usr/lib/libMobileGestalt.dylib
0x00007fff2bd65000 	/System/Library/PrivateFrameworks/TextureIO.framework/Versions/A/TextureIO
0x00007fff2adb1000 	/usr/lib/libate.dylib
0x00007fff2a50e000 	/usr/lib/system/libcache.dylib
0x00007fff2a4ca000 	/usr/lib/system/libcommonCrypto.dylib
0x00007fff2a4f4000 	/usr/lib/system/libcompiler_rt.dylib
0x00007fff2a4e9000 	/usr/lib/system/libcopyfile.dylib
0x00007fff2009e000 	/usr/lib/system/libcorecrypto.dylib
0x00007fff2016a000 	/usr/lib/system/libdispatch.dylib
0x00007fff2031e000 	/usr/lib/system/libdyld.dylib
0x00007fff2a505000 	/usr/lib/system/libkeymgr.dylib
0x00007fff2d947000 	/usr/lib/system/liblaunch.dylib
0x00007fff2a4a8000 	/usr/lib/system/libmacho.dylib
0x00007fff29cc3000 	/usr/lib/system/libquarantine.dylib
0x00007fff2a502000 	/usr/lib/system/libremovefile.dylib
0x00007fff24b5c000 	/usr/lib/system/libsystem_asl.dylib
0x00007fff2004e000 	/usr/lib/system/libsystem_blocks.dylib
0x00007fff201eb000 	/usr/lib/system/libsystem_c.dylib
0x00007fff2a4fc000 	/usr/lib/system/libsystem_collections.dylib
0x00007fff28fb8000 	/usr/lib/system/libsystem_configuration.dylib
0x00007fff282ac000 	/usr/lib/system/libsystem_containermanager.dylib
0x00007fff2a244000 	/usr/lib/system/libsystem_coreservices.dylib
0x00007fff2277b000 	/usr/lib/system/libsystem_darwin.dylib
0x00007fff2a506000 	/usr/lib/system/libsystem_dnssd.dylib
0x00007fff201e8000 	/usr/lib/system/libsystem_featureflags.dylib
0x00007fff20363000 	/usr/lib/system/libsystem_info.dylib
0x00007fff2a45f000 	/usr/lib/system/libsystem_m.dylib
0x00007fff2013d000 	/usr/lib/system/libsystem_malloc.dylib
0x00007fff24af0000 	/usr/lib/system/libsystem_networkextension.dylib
0x00007fff22b95000 	/usr/lib/system/libsystem_notify.dylib
0x00007fff2fdf4000 	/usr/lib/system/libsystem_product_info_filter.dylib
0x00007fff28fbc000 	/usr/lib/system/libsystem_sandbox.dylib
0x00007fff2a4ff000 	/usr/lib/system/libsystem_secinit.dylib
0x00007fff202e3000 	/usr/lib/system/libsystem_kernel.dylib
0x00007fff20359000 	/usr/lib/system/libsystem_platform.dylib
0x00007fff20312000 	/usr/lib/system/libsystem_pthread.dylib
0x00007fff2625a000 	/usr/lib/system/libsystem_symptoms.dylib
0x00007fff20086000 	/usr/lib/system/libsystem_trace.dylib
0x00007fff2a4d6000 	/usr/lib/system/libunwind.dylib
0x00007fff20050000 	/usr/lib/system/libxpc.dylib
0x00007fff202ca000 	/usr/lib/libc++abi.dylib
0x00007fff2a4e1000 	/usr/lib/liboah.dylib
0x00007fff2ab97000 	/usr/lib/liblzma.5.dylib
0x00007fff20e50000 	/System/Library/Frameworks/SystemConfiguration.framework/Versions/A/SystemConfiguration
0x00007fff2a516000 	/usr/lib/libfakelink.dylib
0x00007fff24652000 	/System/Library/Frameworks/CFNetwork.framework/Versions/A/CFNetwork
0x00007fff2a656000 	/usr/lib/libarchive.2.dylib
0x00007fff20ece000 	/usr/lib/libCRFSuite.dylib
0x00007fff29cea000 	/usr/lib/libbsm.0.dylib
0x00007fff2400e000 	/usr/lib/libnetwork.dylib
0x00007fff2a51b000 	/usr/lib/libpcap.A.dylib
0x00007fff26253000 	/usr/lib/libdns_services.dylib
0x00007fff2abb0000 	/usr/lib/libcoretls_cfhelpers.dylib
0x00007fff2a75a000 	/usr/lib/libapple_nghttp2.dylib
0x00007fff2a4ae000 	/usr/lib/system/libkxld.dylib
0x00007fff25eb9000 	/usr/lib/libsqlite3.dylib
0x00007fff2a226000 	/System/Library/PrivateFrameworks/AppleFSCompression.framework/Versions/A/AppleFSCompression
0x00007fff29cd2000 	/usr/lib/libcoretls.dylib
0x00007fff2a787000 	/usr/lib/libpam.2.dylib
0x00007fff2acac000 	/usr/lib/libxar.1.dylib
0x00007fff28fc3000 	/System/Library/PrivateFrameworks/AppleSystemInfo.framework/Versions/A/AppleSystemInfo
0x00007fff29915000 	/System/Library/PrivateFrameworks/IOMobileFramebuffer.framework/Versions/A/IOMobileFramebuffer
0x00007fff2a236000 	/usr/lib/libbz2.1.0.dylib
0x00007fff2a553000 	/usr/lib/libiconv.2.dylib
0x00007fff2a4a7000 	/usr/lib/libcharset.1.dylib
0x00007fff2711f000 	/System/Library/Frameworks/CoreServices.framework/Versions/A/Frameworks/FSEvents.framework/Versions/A/FSEvents
0x00007fff22785000 	/System/Library/Frameworks/CoreServices.framework/Versions/A/Frameworks/CarbonCore.framework/Versions/A/CarbonCore
0x00007fff2645c000 	/System/Library/Frameworks/CoreServices.framework/Versions/A/Frameworks/Metadata.framework/Versions/A/Metadata
0x00007fff2a249000 	/System/Library/Frameworks/CoreServices.framework/Versions/A/Frameworks/OSServices.framework/Versions/A/OSServices
0x00007fff2a6c8000 	/System/Library/Frameworks/CoreServices.framework/Versions/A/Frameworks/SearchKit.framework/Versions/A/SearchKit
0x00007fff261dd000 	/System/Library/Frameworks/CoreServices.framework/Versions/A/Frameworks/AE.framework/Versions/A/AE
0x00007fff2082b000 	/System/Library/Frameworks/CoreServices.framework/Versions/A/Frameworks/LaunchServices.framework/Versions/A/LaunchServices
0x00007fff2ab48000 	/System/Library/Frameworks/CoreServices.framework/Versions/A/Frameworks/DictionaryServices.framework/Versions/A/DictionaryServices
0x00007fff27128000 	/System/Library/Frameworks/CoreServices.framework/Versions/A/Frameworks/SharedFileList.framework/Versions/A/SharedFileList
0x00007fff29cc6000 	/usr/lib/libCheckFix.dylib
0x00007fff24b73000 	/System/Library/PrivateFrameworks/TCC.framework/Versions/A/TCC
0x00007fff28fc9000 	/System/Library/PrivateFrameworks/CoreNLP.framework/Versions/A/CoreNLP
0x00007fff2640f000 	/System/Library/PrivateFrameworks/MetadataUtilities.framework/Versions/A/MetadataUtilities
0x00007fff20f04000 	/usr/lib/libmecabra.dylib
0x00007fff29fd9000 	/System/Library/Frameworks/MLCompute.framework/Versions/A/MLCompute
0x00007fff29cfb000 	/usr/lib/libmecab.dylib
0x00007fff29d45000 	/usr/lib/libgermantok.dylib
0x00007fff2a730000 	/usr/lib/libThaiTokenizer.dylib
0x00007fff2ace7000 	/usr/lib/libChineseTokenizer.dylib
0x00007fff2a785000 	/System/Library/Frameworks/MetalPerformanceShaders.framework/Versions/A/MetalPerformanceShaders
0x00007fff264fe000 	/System/Library/Frameworks/Accelerate.framework/Versions/A/Frameworks/vImage.framework/Versions/A/vImage
0x00007fff2fecf000 	/System/Library/Frameworks/Accelerate.framework/Versions/A/Frameworks/vecLib.framework/Versions/A/vecLib
0x00007fff2acf2000 	/System/Library/Frameworks/Accelerate.framework/Versions/A/Frameworks/vecLib.framework/Versions/A/libvMisc.dylib
0x00007fff2972e000 	/System/Library/Frameworks/Accelerate.framework/Versions/A/Frameworks/vecLib.framework/Versions/A/libvDSP.dylib
0x00007fff20b2f000 	/System/Library/Frameworks/Accelerate.framework/Versions/A/Frameworks/vecLib.framework/Versions/A/libBLAS.dylib
0x00007fff2a7ab000 	/System/Library/Frameworks/Accelerate.framework/Versions/A/Frameworks/vecLib.framework/Versions/A/libLAPACK.dylib
0x00007fff29d4b000 	/System/Library/Frameworks/Accelerate.framework/Versions/A/Frameworks/vecLib.framework/Versions/A/libLinearAlgebra.dylib
0x00007fff2a772000 	/System/Library/Frameworks/Accelerate.framework/Versions/A/Frameworks/vecLib.framework/Versions/A/libSparseBLAS.dylib
0x00007fff2a7a5000 	/System/Library/Frameworks/Accelerate.framework/Versions/A/Frameworks/vecLib.framework/Versions/A/libQuadrature.dylib
0x00007fff29071000 	/System/Library/Frameworks/Accelerate.framework/Versions/A/Frameworks/vecLib.framework/Versions/A/libBNNS.dylib
0x00007fff20de1000 	/System/Library/Frameworks/Accelerate.framework/Versions/A/Frameworks/vecLib.framework/Versions/A/libSparse.dylib
0x00007fff28f5c000 	/System/Library/Frameworks/MetalPerformanceShaders.framework/Versions/A/Frameworks/MPSCore.framework/Versions/A/MPSCore
0x00007fff2a195000 	/System/Library/Frameworks/MetalPerformanceShaders.framework/Versions/A/Frameworks/MPSImage.framework/Versions/A/MPSImage
0x00007fff29d61000 	/System/Library/Frameworks/MetalPerformanceShaders.framework/Versions/A/Frameworks/MPSNeuralNetwork.framework/Versions/A/MPSNeuralNetwork
0x00007fff2a120000 	/System/Library/Frameworks/MetalPerformanceShaders.framework/Versions/A/Frameworks/MPSMatrix.framework/Versions/A/MPSMatrix
0x00007fff29f89000 	/System/Library/Frameworks/MetalPerformanceShaders.framework/Versions/A/Frameworks/MPSRayIntersector.framework/Versions/A/MPSRayIntersector
0x00007fff2a157000 	/System/Library/Frameworks/MetalPerformanceShaders.framework/Versions/A/Frameworks/MPSNDArray.framework/Versions/A/MPSNDArray
0x00007fff20a5b000 	/System/Library/PrivateFrameworks/MetalTools.framework/Versions/A/MetalTools
0x00007fff28fc1000 	/System/Library/PrivateFrameworks/AggregateDictionary.framework/Versions/A/AggregateDictionary
0x00007fff263e7000 	/System/Library/PrivateFrameworks/CoreAnalytics.framework/Versions/A/CoreAnalytics
0x00007fff2a732000 	/System/Library/PrivateFrameworks/AppleSauce.framework/Versions/A/AppleSauce
0x00007fff282cf000 	/System/Library/PrivateFrameworks/IOAccelerator.framework/Versions/A/IOAccelerator
0x00007fff6c7e7000 	/System/Library/Frameworks/OpenGL.framework/Versions/A/Libraries/libCoreFSCache.dylib
0x00007fff214a0000 	/System/Library/PrivateFrameworks/LanguageModeling.framework/Versions/A/LanguageModeling
0x00007fff29902000 	/System/Library/PrivateFrameworks/CoreEmoji.framework/Versions/A/CoreEmoji
0x00007fff2906a000 	/System/Library/PrivateFrameworks/LinguisticData.framework/Versions/A/LinguisticData
0x00007fff20d93000 	/System/Library/PrivateFrameworks/Lexicon.framework/Versions/A/Lexicon
0x00007fff2a644000 	/usr/lib/libcmph.dylib
0x00007fff270ff000 	/System/Library/Frameworks/OpenDirectory.framework/Versions/A/Frameworks/CFOpenDirectory.framework/Versions/A/CFOpenDirectory
0x00007fff270ef000 	/System/Library/Frameworks/OpenDirectory.framework/Versions/A/OpenDirectory
0x00007fff2abb2000 	/System/Library/PrivateFrameworks/APFS.framework/Versions/A/APFS
0x00007fff29c27000 	/System/Library/Frameworks/SecurityFoundation.framework/Versions/A/SecurityFoundation
0x00007fff2acba000 	/usr/lib/libutil.dylib
0x00007fff22aac000 	/System/Library/PrivateFrameworks/CoreServicesStore.framework/Versions/A/CoreServicesStore
0x00007fff29cbe000 	/System/Library/Frameworks/ServiceManagement.framework/Versions/A/ServiceManagement
0x00007fff2acbe000 	/usr/lib/libxslt.1.dylib
0x00007fff29cb4000 	/System/Library/PrivateFrameworks/BackgroundTaskManagement.framework/Versions/A/BackgroundTaskManagement
0x00007fff2bcaf000 	/System/Library/Frameworks/ImageIO.framework/Versions/A/Resources/libRadiance.dylib
0x00007fff2bcb9000 	/System/Library/Frameworks/ImageIO.framework/Versions/A/Resources/libJPEG.dylib
0x00007fff2bc08000 	/System/Library/Frameworks/ImageIO.framework/Versions/A/Resources/libPng.dylib
0x00007fff2bc2f000 	/System/Library/Frameworks/ImageIO.framework/Versions/A/Resources/libTIFF.dylib
0x00007fff2bd0e000 	/System/Library/Frameworks/ImageIO.framework/Versions/A/Resources/libGIF.dylib
0x00007fff2b96b000 	/System/Library/Frameworks/ImageIO.framework/Versions/A/Resources/libJP2.dylib
0x00007fff2b055000 	/usr/lib/libexpat.1.dylib
0x00007fff2b920000 	/System/Library/PrivateFrameworks/AppleJPEG.framework/Versions/A/AppleJPEG
0x00007fff28505000 	/System/Library/PrivateFrameworks/FontServices.framework/libFontParser.dylib
0x00007fff26191000 	/System/Library/PrivateFrameworks/RunningBoardServices.framework/Versions/A/RunningBoardServices
0x00007fff2ba4a000 	/System/Library/PrivateFrameworks/WatchdogClient.framework/Versions/A/WatchdogClient
0x00007fff2158d000 	/System/Library/Frameworks/CoreDisplay.framework/Versions/A/CoreDisplay
0x00007fff2841b000 	/System/Library/Frameworks/CoreMedia.framework/Versions/A/CoreMedia
0x00007fff2727c000 	/System/Library/Frameworks/CoreVideo.framework/Versions/A/CoreVideo
0x00007fff2ba82000 	/System/Library/Frameworks/VideoToolbox.framework/Versions/A/VideoToolbox
0x00007fff2610f000 	/System/Library/PrivateFrameworks/BaseBoard.framework/Versions/A/BaseBoard
0x00007fff2b19a000 	/System/Library/PrivateFrameworks/PersistentConnection.framework/Versions/A/PersistentConnection
0x00007fff25ea2000 	/System/Library/PrivateFrameworks/ProtocolBuffer.framework/Versions/A/ProtocolBuffer
0x00007fff260f6000 	/System/Library/PrivateFrameworks/CommonUtilities.framework/Versions/A/CommonUtilities
0x00007fff2b8b5000 	/System/Library/PrivateFrameworks/Bom.framework/Versions/A/Bom
0x00007fff2bca8000 	/System/Library/PrivateFrameworks/GPUWrangler.framework/Versions/A/GPUWrangler
0x00007fff2bc8d000 	/System/Library/PrivateFrameworks/IOPresentment.framework/Versions/A/IOPresentment
0x00007fff2bcb3000 	/System/Library/PrivateFrameworks/DSExternalDisplay.framework/Versions/A/DSExternalDisplay
0x00007fff2bd13000 	/System/Library/PrivateFrameworks/CMCaptureCore.framework/Versions/A/CMCaptureCore
0x00007fff2b63a000 	/System/Library/PrivateFrameworks/AppServerSupport.framework/Versions/A/AppServerSupport
0x00007fff2d6e6000 	/System/Library/PrivateFrameworks/perfdata.framework/Versions/A/perfdata
0x00007fff29c16000 	/System/Library/PrivateFrameworks/AssertionServices.framework/Versions/A/AssertionServices
0x00007fff216c4000 	/System/Library/PrivateFrameworks/AudioToolboxCore.framework/Versions/A/AudioToolboxCore
0x00007fff283fe000 	/System/Library/PrivateFrameworks/caulk.framework/Versions/A/caulk
0x00007fff3d373000 	/System/Library/PrivateFrameworks/SystemPolicy.framework/Versions/A/SystemPolicy
0x00007fff2ae4a000 	/usr/lib/libIOReport.dylib
0x00007fff2cf08000 	/usr/lib/libSMC.dylib
0x00007fff2bbd5000 	/usr/lib/libAudioToolboxUtility.dylib
0x00007fff3dcdd000 	/usr/lib/libmis.dylib
0x00007fff6c843000 	/System/Library/Frameworks/OpenGL.framework/Versions/A/Libraries/libGLU.dylib
0x00007fff6c806000 	/System/Library/Frameworks/OpenGL.framework/Versions/A/Libraries/libGFXShared.dylib
0x00007fff6ca15000 	/System/Library/Frameworks/OpenGL.framework/Versions/A/Libraries/libGL.dylib
0x00007fff6c80f000 	/System/Library/Frameworks/OpenGL.framework/Versions/A/Libraries/libGLImage.dylib
0x00007fff6c803000 	/System/Library/Frameworks/OpenGL.framework/Versions/A/Libraries/libCVMSPluginSupport.dylib
0x00007fff6c7ee000 	/System/Library/Frameworks/OpenGL.framework/Versions/A/Libraries/libCoreVMClient.dylib
0x00007fff6de56000 	/System/Library/Frameworks/OpenCL.framework/Versions/A/OpenCL
0x00007fff2b1c4000 	/System/Library/PrivateFrameworks/GraphVisualizer.framework/Versions/A/GraphVisualizer
0x00007fff2b1d3000 	/System/Library/PrivateFrameworks/FaceCore.framework/Versions/A/FaceCore
0x00007fff2b5ef000 	/System/Library/PrivateFrameworks/OTSVG.framework/Versions/A/OTSVG
0x00007fff26e73000 	/System/Library/Frameworks/ApplicationServices.framework/Versions/A/Frameworks/ATS.framework/Versions/A/Resources/libFontRegistry.dylib
0x00007fff2b641000 	/System/Library/PrivateFrameworks/FontServices.framework/libhvf.dylib
0x00007fff2b001000 	/System/Library/PrivateFrameworks/AppleVA.framework/Versions/A/AppleVA
0x00007fff2cd51000 	/System/Library/Frameworks/ApplicationServices.framework/Versions/A/Frameworks/ATS.framework/Versions/A/ATS
0x00007fff2d063000 	/System/Library/Frameworks/ApplicationServices.framework/Versions/A/Frameworks/ColorSyncLegacy.framework/Versions/A/ColorSyncLegacy
0x00007fff2567c000 	/System/Library/Frameworks/ApplicationServices.framework/Versions/A/Frameworks/HIServices.framework/Versions/A/HIServices
0x00007fff2d048000 	/System/Library/Frameworks/ApplicationServices.framework/Versions/A/Frameworks/LangAnalysis.framework/Versions/A/LangAnalysis
0x00007fff2bd1d000 	/System/Library/Frameworks/ApplicationServices.framework/Versions/A/Frameworks/PrintCore.framework/Versions/A/PrintCore
0x00007fff2d06b000 	/System/Library/Frameworks/ApplicationServices.framework/Versions/A/Frameworks/QD.framework/Versions/A/QD
0x00007fff2cd41000 	/System/Library/Frameworks/ApplicationServices.framework/Versions/A/Frameworks/SpeechSynthesis.framework/Versions/A/SpeechSynthesis
0x00007fff2bcde000 	/System/Library/Frameworks/ApplicationServices.framework/Versions/A/Frameworks/ATSUI.framework/Versions/A/ATSUI
0x00007fff2cfe8000 	/usr/lib/libcups.2.dylib
0x00007fff2d058000 	/System/Library/PrivateFrameworks/NetAuth.framework/Versions/A/NetAuth
0x00007fff2d702000 	/System/Library/Frameworks/Kerberos.framework/Versions/A/Kerberos
0x00007fff2d712000 	/System/Library/Frameworks/GSS.framework/Versions/A/GSS
0x00007fff2cdbd000 	/usr/lib/libresolv.9.dylib
0x00007fff2b656000 	/System/Library/PrivateFrameworks/Heimdal.framework/Versions/A/Heimdal
0x00007fff33489000 	/System/Library/Frameworks/Kerberos.framework/Versions/A/Libraries/libHeimdalProxy.dylib
0x00007fff26262000 	/System/Library/Frameworks/Network.framework/Versions/A/Network
0x00007fff2b06f000 	/usr/lib/libheimdal-asn1.dylib
0x00007fff2d762000 	/System/Library/PrivateFrameworks/CommonAuth.framework/Versions/A/CommonAuth
0x00007fff272c9000 	/System/Library/PrivateFrameworks/login.framework/Versions/A/Frameworks/loginsupport.framework/Versions/A/loginsupport
0x00007fff2ccc6000 	/System/Library/PrivateFrameworks/AudioSession.framework/Versions/A/AudioSession
0x00007fff2cd2e000 	/usr/lib/libAudioStatistics.dylib
0x00007fff2b0fc000 	/System/Library/PrivateFrameworks/MediaExperience.framework/Versions/A/MediaExperience
0x00007fff2cb63000 	/System/Library/PrivateFrameworks/AudioSession.framework/libSessionUtility.dylib
0x00007fff2d6f3000 	/usr/lib/libperfcheck.dylib
0x00007fff2d077000 	/System/Library/PrivateFrameworks/AudioResourceArbitration.framework/Versions/A/AudioResourceArbitration
0x00007fff2b079000 	/System/Library/PrivateFrameworks/IconFoundation.framework/Versions/A/IconFoundation
0x00007fff2fb99000 	/System/Library/PrivateFrameworks/SpeechRecognitionCore.framework/Versions/A/SpeechRecognitionCore
0x00007fff5dc42000 	/System/Library/CoreServices/Encodings/libSimplifiedChineseConverter.dylib
0x000000010d70a000 	/Library/Java/JavaVirtualMachines/jdk1.8.0_212.jdk/Contents/Home/jre/lib/server/libjvm.dylib
0x00007fff78a82000 	/usr/lib/libstdc++.6.dylib
0x000000010e6c3000 	/Library/Java/JavaVirtualMachines/jdk1.8.0_212.jdk/Contents/Home/jre/lib/libverify.dylib
0x000000010e6d1000 	/Library/Java/JavaVirtualMachines/jdk1.8.0_212.jdk/Contents/Home/jre/lib/libjava.dylib
0x000000010e708000 	/Library/Java/JavaVirtualMachines/jdk1.8.0_212.jdk/Contents/Home/jre/lib/libjdwp.dylib
0x000000010e753000 	/Library/Java/JavaVirtualMachines/jdk1.8.0_212.jdk/Contents/Home/jre/lib/libnpt.dylib
0x000000010e757000 	/Library/Java/JavaVirtualMachines/jdk1.8.0_212.jdk/Contents/Home/jre/lib/libinstrument.dylib
0x000000010e7c3000 	/Library/Java/JavaVirtualMachines/jdk1.8.0_212.jdk/Contents/Home/jre/lib/libzip.dylib
0x0000000110954000 	/Library/Java/JavaVirtualMachines/jdk1.8.0_212.jdk/Contents/Home/jre/lib/libdt_socket.dylib

VM Arguments:
jvm_args: -agentlib:jdwp=transport=dt_socket,address=127.0.0.1:60828,suspend=y,server=n -javaagent:/Users/liuyuhang/Library/Caches/JetBrains/IntelliJIdea2021.1/captureAgent/debugger-agent.jar -Dfile.encoding=UTF-8 
java_command: com.company.Java.ReflectionDemo.ReflectionDemo
java_class_path (initial): /Library/Java/JavaVirtualMachines/jdk1.8.0_212.jdk/Contents/Home/jre/lib/charsets.jar:/Library/Java/JavaVirtualMachines/jdk1.8.0_212.jdk/Contents/Home/jre/lib/deploy.jar:/Library/Java/JavaVirtualMachines/jdk1.8.0_212.jdk/Contents/Home/jre/lib/ext/cldrdata.jar:/Library/Java/JavaVirtualMachines/jdk1.8.0_212.jdk/Contents/Home/jre/lib/ext/dnsns.jar:/Library/Java/JavaVirtualMachines/jdk1.8.0_212.jdk/Contents/Home/jre/lib/ext/jaccess.jar:/Library/Java/JavaVirtualMachines/jdk1.8.0_212.jdk/Contents/Home/jre/lib/ext/jfxrt.jar:/Library/Java/JavaVirtualMachines/jdk1.8.0_212.jdk/Contents/Home/jre/lib/ext/localedata.jar:/Library/Java/JavaVirtualMachines/jdk1.8.0_212.jdk/Contents/Home/jre/lib/ext/nashorn.jar:/Library/Java/JavaVirtualMachines/jdk1.8.0_212.jdk/Contents/Home/jre/lib/ext/sunec.jar:/Library/Java/JavaVirtualMachines/jdk1.8.0_212.jdk/Contents/Home/jre/lib/ext/sunjce_provider.jar:/Library/Java/JavaVirtualMachines/jdk1.8.0_212.jdk/Contents/Home/jre/lib/ext/sunpkcs11.jar:/Library/Java/JavaVirtualMachines/jdk1.8.0_212.jdk/Contents/Home/jre/lib/ext/zipfs.jar:/Library/Java/JavaVirtualMachines/jdk1.8.0_212.jdk/Contents/Home/jre/lib/javaws.jar:/Library/Java/JavaVirtualMachines/jdk1.8.0_212.jdk/Contents/Home/jre/lib/jce.jar:/Library/Java/JavaVirtualMachines/jdk1.8.0_212.jdk/Contents/Home/jre/lib/jfr.jar:/Library/Java/JavaVirtualMachines/jdk1.8.0_212.jdk/Contents/Home/jre/lib/jfxswt.jar:/Library/Java/JavaVirtualMachines/jdk1.8.0_212.jdk/Contents/Home/jre/lib/jsse.jar:/Library/Java/JavaVirtualMachines/jdk1.8.0_212.jdk/Contents/Home/jre/lib/management-agent.jar:/Library/Java/JavaVirtualMachines/jdk1.8.0_212.jdk/Contents/Home/jre/lib/plugin.jar:/Library/Java/JavaVirtualMachines/jdk1.8.0_212.jdk/Contents/Home/jre/lib/resources.jar:/Library/Java/JavaVirtualMachines/jdk1.8.0_212.jdk/Contents/Home/jre/lib/rt.jar:/Library/Java/JavaVirtualMachines/jdk1.8.0_212.jdk/Contents/Home/lib/ant-javafx.jar:/Library/Java/JavaVirtualMachines/jdk1.8.0_212.jdk/Contents/Home
Launcher Type: SUN_STANDARD

Environment Variables:
JAVA_HOME=/Library/Java/JavaVirtualMachines/jdk1.8.0_212.jdk/Contents/Home
CLASSPATH=.:/Library/Java/JavaVirtualMachines/jdk1.8.0_212.jdk/Contents/Home/lib/dt.jar:/Library/Java/JavaVirtualMachines/jdk1.8.0_212.jdk/Contents/Home/lib/tools.jar
PATH=/Users/liuyuhang/.nvm/versions/node/v16.20.0/bin:/usr/local/bin:/usr/local/sbin:/Library/Java/JavaVirtualMachines/jdk1.8.0_212.jdk/Contents/Home/bin:/usr/local/bin:/usr/bin:/bin:/usr/sbin:/sbin:/usr/local/mongodb/bin:/Users/liuyuhang/Downloads/soft/apache-zookeeper-3.5.10-bin//bin
SHELL=/bin/bash

Signal Handlers:
SIGSEGV: [libjvm.dylib+0x5b71a7], sa_mask[0]=11111111011111110111111111111111, sa_flags=SA_ONSTACK|SA_RESTART|SA_SIGINFO
SIGBUS: [libjvm.dylib+0x5b71a7], sa_mask[0]=11111111011111110111111111111111, sa_flags=SA_RESTART|SA_SIGINFO
SIGFPE: [libjvm.dylib+0x48c8fc], sa_mask[0]=11111111011111110111111111111111, sa_flags=SA_RESTART|SA_SIGINFO
SIGPIPE: [libjvm.dylib+0x48c8fc], sa_mask[0]=11111111011111110111111111111111, sa_flags=SA_RESTART|SA_SIGINFO
SIGXFSZ: [libjvm.dylib+0x48c8fc], sa_mask[0]=11111111011111110111111111111111, sa_flags=SA_RESTART|SA_SIGINFO
SIGILL: [libjvm.dylib+0x48c8fc], sa_mask[0]=11111111011111110111111111111111, sa_flags=SA_RESTART|SA_SIGINFO
SIGUSR1: SIG_DFL, sa_mask[0]=00000000000000000000000000000000, sa_flags=none
SIGUSR2: [libjvm.dylib+0x48c41a], sa_mask[0]=00100000000000000000000000000000, sa_flags=SA_RESTART|SA_SIGINFO
SIGHUP: [libjvm.dylib+0x48a9a5], sa_mask[0]=11111111011111110111111111111111, sa_flags=SA_RESTART|SA_SIGINFO
SIGINT: [libjvm.dylib+0x48a9a5], sa_mask[0]=11111111011111110111111111111111, sa_flags=SA_RESTART|SA_SIGINFO
SIGTERM: [libjvm.dylib+0x48a9a5], sa_mask[0]=11111111011111110111111111111111, sa_flags=SA_RESTART|SA_SIGINFO
SIGQUIT: [libjvm.dylib+0x48a9a5], sa_mask[0]=11111111011111110111111111111111, sa_flags=SA_RESTART|SA_SIGINFO


---------------  S Y S T E M  ---------------

OS:Bsduname:Darwin 20.2.0 Darwin Kernel Version 20.2.0: Wed Dec  2 20:39:59 PST 2020; root:xnu-7195.60.75~1/RELEASE_X86_64 x86_64
rlimit: STACK 8192k, CORE 0k, NPROC 2784, NOFILE 10240, AS infinity
load average:12.91 8.29 6.03

CPU:total 8 (initial active 8) (4 cores per cpu, 2 threads per core) family 6 model 142 stepping 10, cmov, cx8, fxsr, mmx, sse, sse2, sse3, ssse3, sse4.1, sse4.2, popcnt, avx, avx2, aes, clmul, erms, 3dnowpref, lzcnt, ht, tsc, tscinvbit, bmi1, bmi2, adx

Memory: 4k page, physical 16777216k(32952k free)

/proc/meminfo:


vm_info: Java HotSpot(TM) 64-Bit Server VM (25.212-b10) for bsd-amd64 JRE (1.8.0_212-b10), built on Apr  1 2019 23:10:56 by "java_re" with gcc 4.2.1 (Based on Apple Inc. build 5658) (LLVM build 2336.11.00)

time: Wed Jun 14 16:29:35 2023
timezone: CST
elapsed time: 93544 seconds (1d 1h 59m 4s)

